vcf_read_static_fields(): Got EOF reading CHROM.
This is where we should reach EOF.
vcf-split: split_line(): No more VCF calls.
Processed 16727203 multi-sample VCF calls.
Max info_len = 49237.
vcf-split completed successfully.
vcf_read_static_fields(): Got EOF reading CHROM.
This is where we should reach EOF.
vcf-split: split_line(): No more VCF calls.
Processed 16727203 multi-sample VCF calls.
Max info_len = 49237.
vcf-split completed successfully.
vcf_read_static_fields(): Got EOF reading CHROM.
This is where we should reach EOF.
vcf-split: split_line(): No more VCF calls.
Processed 16727203 multi-sample VCF calls.
Max info_len = 49237.
vcf-split completed successfully.
vcf_read_static_fields(): Got EOF reading CHROM.
This is where we should reach EOF.
vcf-split: split_line(): No more VCF calls.
Processed 16727203 multi-sample VCF calls.
Max info_len = 49237.
vcf-split completed successfully.
vcf_read_static_fields(): Got EOF reading CHROM.
This is where we should reach EOF.
vcf-split: split_line(): No more VCF calls.
Processed 16727203 multi-sample VCF calls.
Max info_len = 49237.
vcf-split completed successfully.
vcf_read_static_fields(): Got EOF reading CHROM.
This is where we should reach EOF.
vcf-split: split_line(): No more VCF calls.
Processed 16727203 multi-sample VCF calls.
Max info_len = 49237.
vcf-split completed successfully.
vcf_read_static_fields(): Got EOF reading CHROM.
This is where we should reach EOF.
vcf-split: split_line(): No more VCF calls.
Processed 16727203 multi-sample VCF calls.
Max info_len = 49237.
vcf-split completed successfully.
vcf_read_static_fields(): Got EOF reading CHROM.
This is where we should reach EOF.
vcf-split: split_line(): No more VCF calls.
Processed 16727203 multi-sample VCF calls.
Max info_len = 49237.
vcf-split completed successfully.
vcf_read_static_fields(): Got EOF reading CHROM.
This is where we should reach EOF.
vcf-split: split_line(): No more VCF calls.
Processed 16727203 multi-sample VCF calls.
Max info_len = 49237.
vcf-split completed successfully.
slurmstepd: error: *** JOB 26490 ON compute-009 CANCELLED AT 2020-06-05T21:15:51 ***
