vcf_read_static_fields(): Got EOF reading CHROM.
This is where we should reach EOF.
vcf-split: split_line(): No more VCF calls.
Processed 7806799 multi-sample VCF calls.
Max info_len = 49165.
vcf-split completed successfully.
vcf_read_static_fields(): Got EOF reading CHROM.
This is where we should reach EOF.
vcf-split: split_line(): No more VCF calls.
Processed 7806799 multi-sample VCF calls.
Max info_len = 49165.
vcf-split completed successfully.
vcf_read_static_fields(): Got EOF reading CHROM.
This is where we should reach EOF.
vcf-split: split_line(): No more VCF calls.
Processed 7806799 multi-sample VCF calls.
Max info_len = 49165.
vcf-split completed successfully.
vcf_read_static_fields(): Got EOF reading CHROM.
This is where we should reach EOF.
vcf-split: split_line(): No more VCF calls.
Processed 7806799 multi-sample VCF calls.
Max info_len = 49165.
vcf-split completed successfully.
vcf_read_static_fields(): Got EOF reading CHROM.
This is where we should reach EOF.
vcf-split: split_line(): No more VCF calls.
Processed 7806799 multi-sample VCF calls.
Max info_len = 49165.
vcf-split completed successfully.
vcf_read_static_fields(): Got EOF reading CHROM.
This is where we should reach EOF.
vcf-split: split_line(): No more VCF calls.
Processed 7806799 multi-sample VCF calls.
Max info_len = 49165.
vcf-split completed successfully.
vcf_read_static_fields(): Got EOF reading CHROM.
This is where we should reach EOF.
vcf-split: split_line(): No more VCF calls.
Processed 7806799 multi-sample VCF calls.
Max info_len = 49165.
vcf-split completed successfully.
vcf_read_static_fields(): Got EOF reading CHROM.
This is where we should reach EOF.
vcf-split: split_line(): No more VCF calls.
Processed 7806799 multi-sample VCF calls.
Max info_len = 49165.
vcf-split completed successfully.
vcf_read_static_fields(): Got EOF reading CHROM.
This is where we should reach EOF.
vcf-split: split_line(): No more VCF calls.
Processed 7806799 multi-sample VCF calls.
Max info_len = 49165.
vcf-split completed successfully.
vcf_read_static_fields(): Got EOF reading CHROM.
This is where we should reach EOF.
vcf-split: split_line(): No more VCF calls.
Processed 7806799 multi-sample VCF calls.
Max info_len = 49165.
vcf-split completed successfully.
vcf_read_static_fields(): Got EOF reading CHROM.
This is where we should reach EOF.
vcf-split: split_line(): No more VCF calls.
Processed 7806799 multi-sample VCF calls.
Max info_len = 49165.
vcf-split completed successfully.
vcf_read_static_fields(): Got EOF reading CHROM.
This is where we should reach EOF.
vcf-split: split_line(): No more VCF calls.
Processed 7806799 multi-sample VCF calls.
Max info_len = 49165.
vcf-split completed successfully.
vcf_read_static_fields(): Got EOF reading CHROM.
This is where we should reach EOF.
vcf-split: split_line(): No more VCF calls.
Processed 7806799 multi-sample VCF calls.
Max info_len = 49165.
vcf-split completed successfully.
vcf_read_static_fields(): Got EOF reading CHROM.
This is where we should reach EOF.
vcf-split: split_line(): No more VCF calls.
Processed 7806799 multi-sample VCF calls.
Max info_len = 49165.
vcf-split completed successfully.
vcf_read_static_fields(): Got EOF reading CHROM.
This is where we should reach EOF.
vcf-split: split_line(): No more VCF calls.
Processed 7806799 multi-sample VCF calls.
Max info_len = 49165.
vcf-split completed successfully.
