vcf_read_static_fields(): Got EOF reading CHROM.
This is where we should reach EOF.
vcf-split: split_line(): No more VCF calls.
Processed 4516329 multi-sample VCF calls.
Max info_len = 35594.
vcf-split completed successfully.
vcf_read_static_fields(): Got EOF reading CHROM.
This is where we should reach EOF.
vcf-split: split_line(): No more VCF calls.
Processed 4516329 multi-sample VCF calls.
Max info_len = 35594.
vcf-split completed successfully.
vcf_read_static_fields(): Got EOF reading CHROM.
This is where we should reach EOF.
vcf-split: split_line(): No more VCF calls.
Processed 4516329 multi-sample VCF calls.
Max info_len = 35594.
vcf-split completed successfully.
vcf_read_static_fields(): Got EOF reading CHROM.
This is where we should reach EOF.
vcf-split: split_line(): No more VCF calls.
Processed 4516329 multi-sample VCF calls.
Max info_len = 35594.
vcf-split completed successfully.
vcf_read_static_fields(): Got EOF reading CHROM.
This is where we should reach EOF.
vcf-split: split_line(): No more VCF calls.
Processed 4516329 multi-sample VCF calls.
Max info_len = 35594.
vcf-split completed successfully.
vcf_read_static_fields(): Got EOF reading CHROM.
This is where we should reach EOF.
vcf-split: split_line(): No more VCF calls.
Processed 4516329 multi-sample VCF calls.
Max info_len = 35594.
vcf-split completed successfully.
vcf_read_static_fields(): Got EOF reading CHROM.
This is where we should reach EOF.
vcf-split: split_line(): No more VCF calls.
Processed 4516329 multi-sample VCF calls.
Max info_len = 35594.
vcf-split completed successfully.
vcf_read_static_fields(): Got EOF reading CHROM.
This is where we should reach EOF.
vcf-split: split_line(): No more VCF calls.
Processed 4516329 multi-sample VCF calls.
Max info_len = 35594.
vcf-split completed successfully.
vcf_read_static_fields(): Got EOF reading CHROM.
This is where we should reach EOF.
vcf-split: split_line(): No more VCF calls.
Processed 4516329 multi-sample VCF calls.
Max info_len = 35594.
vcf-split completed successfully.
vcf_read_static_fields(): Got EOF reading CHROM.
This is where we should reach EOF.
vcf-split: split_line(): No more VCF calls.
Processed 4516329 multi-sample VCF calls.
Max info_len = 35594.
vcf-split completed successfully.
vcf_read_static_fields(): Got EOF reading CHROM.
This is where we should reach EOF.
vcf-split: split_line(): No more VCF calls.
Processed 4516329 multi-sample VCF calls.
Max info_len = 35594.
vcf-split completed successfully.
vcf_read_static_fields(): Got EOF reading CHROM.
This is where we should reach EOF.
vcf-split: split_line(): No more VCF calls.
Processed 4516329 multi-sample VCF calls.
Max info_len = 35594.
vcf-split completed successfully.
vcf_read_static_fields(): Got EOF reading CHROM.
This is where we should reach EOF.
vcf-split: split_line(): No more VCF calls.
Processed 4516329 multi-sample VCF calls.
Max info_len = 35594.
vcf-split completed successfully.
vcf_read_static_fields(): Got EOF reading CHROM.
This is where we should reach EOF.
vcf-split: split_line(): No more VCF calls.
Processed 4516329 multi-sample VCF calls.
Max info_len = 35594.
vcf-split completed successfully.
vcf_read_static_fields(): Got EOF reading CHROM.
This is where we should reach EOF.
vcf-split: split_line(): No more VCF calls.
Processed 4516329 multi-sample VCF calls.
Max info_len = 35594.
vcf-split completed successfully.
