vcf_read_static_fields(): Info: Got EOF reading CHROM, as expected.
vcf-split: split_line(): No more VCF calls.
Processed 11678110 multi-sample VCF calls.
Max info_len = 74838.
vcf-split completed successfully.
vcf_read_static_fields(): Info: Got EOF reading CHROM, as expected.
vcf-split: split_line(): No more VCF calls.
Processed 11678110 multi-sample VCF calls.
Max info_len = 74838.
vcf-split completed successfully.
vcf_read_static_fields(): Info: Got EOF reading CHROM, as expected.
vcf-split: split_line(): No more VCF calls.
Processed 11678110 multi-sample VCF calls.
Max info_len = 74838.
vcf-split completed successfully.
vcf_read_static_fields(): Info: Got EOF reading CHROM, as expected.
vcf-split: split_line(): No more VCF calls.
Processed 11678110 multi-sample VCF calls.
Max info_len = 74838.
vcf-split completed successfully.
vcf_read_static_fields(): Info: Got EOF reading CHROM, as expected.
vcf-split: split_line(): No more VCF calls.
Processed 11678110 multi-sample VCF calls.
Max info_len = 74838.
vcf-split completed successfully.
vcf_read_static_fields(): Info: Got EOF reading CHROM, as expected.
vcf-split: split_line(): No more VCF calls.
Processed 11678110 multi-sample VCF calls.
Max info_len = 74838.
vcf-split completed successfully.
vcf_read_static_fields(): Info: Got EOF reading CHROM, as expected.
vcf-split: split_line(): No more VCF calls.
Processed 11678110 multi-sample VCF calls.
Max info_len = 74838.
vcf-split completed successfully.
vcf_read_static_fields(): Info: Got EOF reading CHROM, as expected.
vcf-split: split_line(): No more VCF calls.
Processed 11678110 multi-sample VCF calls.
Max info_len = 74838.
vcf-split completed successfully.
