vcf_read_static_fields(): Info: Got EOF reading CHROM, as expected.
vcf-split: split_line(): No more VCF calls.
Processed 18355882 multi-sample VCF calls.
Max info_len = 31127.
vcf-split completed successfully.
vcf_read_static_fields(): Info: Got EOF reading CHROM, as expected.
vcf-split: split_line(): No more VCF calls.
Processed 18355882 multi-sample VCF calls.
Max info_len = 31127.
vcf-split completed successfully.
vcf_read_static_fields(): Info: Got EOF reading CHROM, as expected.
vcf-split: split_line(): No more VCF calls.
Processed 18355882 multi-sample VCF calls.
Max info_len = 31127.
vcf-split completed successfully.
vcf_read_static_fields(): Info: Got EOF reading CHROM, as expected.
vcf-split: split_line(): No more VCF calls.
Processed 18355882 multi-sample VCF calls.
Max info_len = 31127.
vcf-split completed successfully.
vcf_read_static_fields(): Info: Got EOF reading CHROM, as expected.
vcf-split: split_line(): No more VCF calls.
Processed 18355882 multi-sample VCF calls.
Max info_len = 31127.
vcf-split completed successfully.
slurmstepd: error: *** JOB 200 ON compute-001 CANCELLED AT 2020-06-16T10:31:16 ***
