vcf_read_static_fields(): Info: Got EOF reading CHROM, as expected.
vcf-split: split_line(): No more VCF calls.
Processed 10188356 multi-sample VCF calls.
Max info_len = 33832.
vcf-split completed successfully.
vcf_read_static_fields(): Info: Got EOF reading CHROM, as expected.
vcf-split: split_line(): No more VCF calls.
Processed 10188356 multi-sample VCF calls.
Max info_len = 33832.
vcf-split completed successfully.
vcf_read_static_fields(): Info: Got EOF reading CHROM, as expected.
vcf-split: split_line(): No more VCF calls.
Processed 10188356 multi-sample VCF calls.
Max info_len = 33832.
vcf-split completed successfully.
vcf_read_static_fields(): Info: Got EOF reading CHROM, as expected.
vcf-split: split_line(): No more VCF calls.
Processed 10188356 multi-sample VCF calls.
Max info_len = 33832.
vcf-split completed successfully.
vcf_read_static_fields(): Info: Got EOF reading CHROM, as expected.
vcf-split: split_line(): No more VCF calls.
Processed 10188356 multi-sample VCF calls.
Max info_len = 33832.
vcf-split completed successfully.
vcf_read_static_fields(): Info: Got EOF reading CHROM, as expected.
vcf-split: split_line(): No more VCF calls.
Processed 10188356 multi-sample VCF calls.
Max info_len = 33832.
vcf-split completed successfully.
vcf_read_static_fields(): Info: Got EOF reading CHROM, as expected.
vcf-split: split_line(): No more VCF calls.
Processed 10188356 multi-sample VCF calls.
Max info_len = 33832.
vcf-split completed successfully.
vcf_read_static_fields(): Info: Got EOF reading CHROM, as expected.
vcf-split: split_line(): No more VCF calls.
Processed 10188356 multi-sample VCF calls.
Max info_len = 33832.
vcf-split completed successfully.
